[backblue.gif]
[fade.gif]
[index.html]
[localhost/about_me/feed/index.html]
[localhost/about_me/comments/feed/index.html]
[localhost/about_me/wp-json/index.html]
[localhost/about_me/wp-json/wp/v2/pages/9.json]
[localhost/about_me/xmlrpc0db0.php]
[localhost/about_me/wp-includes/wlwmanifest.xml]
[localhost/about_me/wp-json/oembed/1.0/embed1a05.json]
[localhost/about_me/wp-json/oembed/1.0/embed0542]
[localhost/about_me/wp-content/uploads/2021/08/cropped-main-logo-2-32x32.png]
[localhost/about_me/wp-content/uploads/2021/08/cropped-main-logo-2-192x192.png]
[localhost/about_me/wp-content/uploads/2021/08/cropped-main-logo-2-180x180.png]
[localhost/about_me/wp-content/uploads/2021/08/Lewis-Roy-Main.pdf]
[localhost/about_me/wp-content/uploads/2021/08/4.jpg]
[localhost/about_me/wp-content/uploads/2021/08/3.jpg]
[localhost/about_me/wp-content/uploads/2021/08/1.jpg]
[localhost/about_me/wp-content/uploads/2021/08/2.jpg]
[localhost/about_me/wp-content/uploads/2021/08/7.jpg]
[localhost/about_me/wp-content/uploads/2021/08/6.jpg]
[localhost/about_me/wp-content/themes/astra/assets/js/minified/frontend.minf4e1.js]
[localhost/about_me/wp-includes/js/wp-embed.min41a3.js]
[localhost/about_me/wp-includes/js/imagesloaded.mineda1.js]
[localhost/about_me/wp-includes/js/jquery/jquery.minaf6c.js]
[localhost/about_me/wp-includes/js/jquery/jquery-migrate.mind617.js]
[localhost/about_me/wp-content/plugins/elementor/assets/js/frontend-modules.min7c53.js]
[localhost/about_me/wp-content/plugins/elementor-pro/assets/lib/sticky/jquery.sticky.minc27b.js]
[localhost/about_me/wp-content/plugins/elementor-pro/assets/js/frontend.minc27b.js]
[localhost/about_me/wp-includes/js/jquery/ui/core.min35d0.js]
[localhost/about_me/wp-content/plugins/elementor/assets/lib/dialog/dialog.minae9e.js]
[localhost/about_me/wp-content/plugins/elementor/assets/lib/waypoints/waypoints.min05da.js]
[localhost/about_me/wp-content/plugins/elementor/assets/lib/swiper/swiper.min48f5.js]
[localhost/about_me/wp-content/plugins/elementor/assets/lib/share-link/share-link.min7c53.js]
[localhost/about_me/wp-content/plugins/elementor/assets/js/frontend.min7c53.js]
[localhost/about_me/index.html]
[localhost/about_me/wp-content/themes/astra/assets/css/minified/main.minf4e1.css]
[localhost/about_me/wp-includes/css/dist/block-library/style.min41a3.css]
[localhost/about_me/wp-content/plugins/elementor/assets/lib/eicons/fonts/eiconsf884.eot]
[localhost/about_me/wp-content/plugins/elementor/assets/lib/eicons/fonts/eiconsf884.woff2]
[localhost/about_me/wp-content/plugins/elementor/assets/lib/eicons/fonts/eiconsf884.woff]
[localhost/about_me/wp-content/plugins/elementor/assets/lib/eicons/fonts/eiconsf884.ttf]
[localhost/about_me/wp-content/plugins/elementor/assets/lib/eicons/css/elementor-icons.min87e8.css]
[localhost/about_me/wp-content/plugins/elementor/assets/lib/animations/animations.min7c53.css]
[localhost/about_me/wp-content/plugins/elementor/assets/css/frontend.min7c53.css]
[localhost/about_me/wp-content/plugins/elementor-pro/assets/css/frontend.minc27b.css]
[localhost/about_me/wp-content/uploads/elementor/css/globalbdc0.css]
[localhost/about_me/wp-content/uploads/2021/08/for-scaled.jpg]
[localhost/about_me/wp-content/uploads/2021/08/1212.png]
[localhost/about_me/wp-content/uploads/elementor/css/post-9b79e.css]
[localhost/about_me/wp-content/plugins/elementor/assets/lib/font-awesome/css/fontawesome.minb683.css]
[localhost/about_me/wp-content/plugins/elementor/assets/lib/font-awesome/webfonts/fa-brands-400.eot]
[localhost/about_me/wp-content/plugins/elementor/assets/lib/font-awesome/webfonts/fa-brands-400.woff2]
[localhost/about_me/wp-content/plugins/elementor/assets/lib/font-awesome/webfonts/fa-brands-400d41d.eot]
[localhost/about_me/wp-content/plugins/elementor/assets/lib/font-awesome/webfonts/fa-brands-400.woff]
[localhost/about_me/wp-content/plugins/elementor/assets/lib/font-awesome/webfonts/fa-brands-400.ttf]
[localhost/about_me/wp-content/plugins/elementor/assets/lib/font-awesome/css/brands.minb683.css]
[localhost/about_me/wp-content/plugins/elementor/assets/lib/eicons/fonts/eiconsf884.svg]
[localhost/about_me/wp-content/plugins/elementor/assets/lib/font-awesome/webfonts/fa-brands-400.svg]
